<?xml version="1.0" encoding="UTF-8"?>
<!-- Generated by org.testng.reporters.JUnitXMLReporter -->
<testsuite hostname="shimul" name="Test" tests="1" failures="1" timestamp="1 Apr 2020 01:27:13 GMT" time="86.443" errors="0">
  <testcase name="getCode" time="65.499" classname="getCode.Geico.HomePage">
    <failure type="org.openqa.selenium.WebDriverException" message="unknown error: Element &amp;lt;button type=&amp;quot;button&amp;quot; class=&amp;quot;btn btn--primary btn--full-mobile no-margin--right&amp;quot; data-bind=&amp;quot;disable: ko.unwrap($root.disableSubmit), text: $data.question.submitButtonLabel || &amp;apos;...&amp;apos;, click: $data.nextQuestion&amp;quot;&amp;gt;Next&amp;lt;/button&amp;gt; is not clickable at point (743, 372). Other element would receive the click: &amp;lt;form id=&amp;quot;question-breakdown&amp;quot; data-bind=&amp;quot;jqValidation: { enforce: true, submitHandler: $data.submitHandler, rules: $data.validationRules, messageIds: $data.validationMessageIds, groups: $data.controlGroups, resetFormValidator: $data.resetFormValidator, classRules: $data.validationClassRules, updatedRules: $data.updatedRules }, executeOnEnter: $data.executeOnEnter&amp;quot; method=&amp;quot;post&amp;quot; novalidate=&amp;quot;novalidate&amp;quot;&amp;gt;...&amp;lt;/form&amp;gt;
  (Session info: chrome=80.0.3987.149)
  (Driver info: chromedriver=2.35.528161 (5b82f2d2aae0ca24b877009200ced9065a772e73),platform=Windows NT 10.0.18362 x86_64) (WARNING: The server did not provide any stacktrace information)
Command duration or timeout: 36 milliseconds
Build info: version: &amp;apos;3.4.0&amp;apos;, revision: &amp;apos;unknown&amp;apos;, time: &amp;apos;unknown&amp;apos;
System info: host: &amp;apos;SHIMUL&amp;apos;, ip: &amp;apos;192.168.182.1&amp;apos;, os.name: &amp;apos;Windows 10&amp;apos;, os.arch: &amp;apos;amd64&amp;apos;, os.version: &amp;apos;10.0&amp;apos;, java.version: &amp;apos;1.8.0_161&amp;apos;
Driver info: org.openqa.selenium.chrome.ChromeDriver
Capabilities [{applicationCacheEnabled=false, rotatable=false, mobileEmulationEnabled=false, networkConnectionEnabled=false, chrome={chromedriverVersion=2.35.528161 (5b82f2d2aae0ca24b877009200ced9065a772e73), userDataDir=C:\Users\cool\AppData\Local\Temp\scoped_dir14328_18199}, takesHeapSnapshot=true, pageLoadStrategy=normal, databaseEnabled=false, handlesAlerts=true, hasTouchScreen=false, version=80.0.3987.149, platform=XP, browserConnectionEnabled=false, nativeEvents=true, acceptSslCerts=false, acceptInsecureCerts=false, locationContextEnabled=true, webStorageEnabled=true, browserName=chrome, takesScreenshot=true, javascriptEnabled=true, cssSelectorsEnabled=true, setWindowRect=true, unexpectedAlertBehaviour=}]
Session ID: a27b9503402d5939124e59e508487684">
      <![CDATA[org.openqa.selenium.WebDriverException: unknown error: Element <button type="button" class="btn btn--primary btn--full-mobile no-margin--right" data-bind="disable: ko.unwrap($root.disableSubmit), text: $data.question.submitButtonLabel || '...', click: $data.nextQuestion">Next</button> is not clickable at point (743, 372). Other element would receive the click: <form id="question-breakdown" data-bind="jqValidation: { enforce: true, submitHandler: $data.submitHandler, rules: $data.validationRules, messageIds: $data.validationMessageIds, groups: $data.controlGroups, resetFormValidator: $data.resetFormValidator, classRules: $data.validationClassRules, updatedRules: $data.updatedRules }, executeOnEnter: $data.executeOnEnter" method="post" novalidate="novalidate">...</form>
  (Session info: chrome=80.0.3987.149)
  (Driver info: chromedriver=2.35.528161 (5b82f2d2aae0ca24b877009200ced9065a772e73),platform=Windows NT 10.0.18362 x86_64) (WARNING: The server did not provide any stacktrace information)
Command duration or timeout: 36 milliseconds
Build info: version: '3.4.0', revision: 'unknown', time: 'unknown'
System info: host: 'SHIMUL', ip: '192.168.182.1', os.name: 'Windows 10', os.arch: 'amd64', os.version: '10.0', java.version: '1.8.0_161'
Driver info: org.openqa.selenium.chrome.ChromeDriver
Capabilities [{applicationCacheEnabled=false, rotatable=false, mobileEmulationEnabled=false, networkConnectionEnabled=false, chrome={chromedriverVersion=2.35.528161 (5b82f2d2aae0ca24b877009200ced9065a772e73), userDataDir=C:\Users\cool\AppData\Local\Temp\scoped_dir14328_18199}, takesHeapSnapshot=true, pageLoadStrategy=normal, databaseEnabled=false, handlesAlerts=true, hasTouchScreen=false, version=80.0.3987.149, platform=XP, browserConnectionEnabled=false, nativeEvents=true, acceptSslCerts=false, acceptInsecureCerts=false, locationContextEnabled=true, webStorageEnabled=true, browserName=chrome, takesScreenshot=true, javascriptEnabled=true, cssSelectorsEnabled=true, setWindowRect=true, unexpectedAlertBehaviour=}]
Session ID: a27b9503402d5939124e59e508487684
	at org.openqa.selenium.remote.ErrorHandler.createThrowable(ErrorHandler.java:215)
	at org.openqa.selenium.remote.ErrorHandler.throwIfResponseFailed(ErrorHandler.java:167)
	at org.openqa.selenium.remote.RemoteWebDriver.execute(RemoteWebDriver.java:671)
	at org.openqa.selenium.remote.RemoteWebElement.execute(RemoteWebElement.java:272)
	at org.openqa.selenium.remote.RemoteWebElement.click(RemoteWebElement.java:82)
	at org.openqa.selenium.support.pagefactory.internal.LocatingElementHandler.invoke(LocatingElementHandler.java:51)
	at com.sun.proxy.$Proxy25.click(Unknown Source)
	at ins.geico.management.Utilities.clickButton(Utilities.java:11)
	at pageObjects.Commute.commuteType(Commute.java:36)
	at getCode.Geico.HomePage.getCode(HomePage.java:59)
... Removed 32 stack frames]]>
    </failure>
  </testcase> <!-- getCode -->
</testsuite> <!-- Test -->
